Number of components =            1
Number of bodies =            1
Number of particles =        19640
Number of material sets  =            1
DTScale =      0.200
USF method is used 
Material:
1 dpm 2.1d3 0.7e8 0.3 0.3545 9.74d3 0.0 27.48d3
the effective number of material           1
Grid mass CutOff value:   0.2100E-01

Number of grid      7992
cells (x,y,z)  110   1  35

     --- body  1 ---

DT =  0.944E-03
 Step=     1  T= 9.442E-04  K.E.= 5.336E+01  T.E.= 5.336E+01
              Mx= 0.000E+00   My= 0.000E+00   Mz=-0.233E+05
 Step=    53  T= 5.004E-02  K.E.= 4.183E+05  T.E.= 5.092E+05
              Mx= 0.191E+00   My= 0.000E+00   Mz=-0.192E+07
 Step=   106  T= 1.001E-01  K.E.= 9.897E+05  T.E.= 1.692E+06
              Mx= 0.333E+04   My= 0.000E+00   Mz=-0.274E+07
 Step=   159  T= 1.501E-01  K.E.= 1.263E+06  T.E.= 3.010E+06
              Mx= 0.646E+05   My= 0.000E+00   Mz=-0.246E+07
 Write output data
 Step=   212  T= 2.002E-01  K.E.= 1.317E+06  T.E.= 4.029E+06
              Mx= 0.257E+06   My= 0.000E+00   Mz=-0.172E+07
 Step=   265  T= 2.502E-01  K.E.= 9.230E+05  T.E.= 4.739E+06
              Mx= 0.547E+06   My= 0.000E+00   Mz=-0.124E+07
 Step=   318  T= 3.002E-01  K.E.= 4.752E+05  T.E.= 5.312E+06
              Mx= 0.882E+06   My= 0.000E+00   Mz=-0.109E+07
 Step=   371  T= 3.503E-01  K.E.= 4.085E+05  T.E.= 5.773E+06
              Mx= 0.115E+07   My= 0.000E+00   Mz=-0.655E+06
 Write output data
 Step=   424  T= 4.003E-01  K.E.= 4.550E+05  T.E.= 5.908E+06
              Mx= 0.123E+07   My= 0.000E+00   Mz= 0.178E+06
 Step=   477  T= 4.504E-01  K.E.= 5.584E+05  T.E.= 5.610E+06
              Mx= 0.113E+07   My= 0.000E+00   Mz= 0.108E+07
 Step=   530  T= 5.004E-01  K.E.= 7.089E+05  T.E.= 4.944E+06
              Mx= 0.922E+06   My= 0.000E+00   Mz= 0.150E+07
 Step=   583  T= 5.504E-01  K.E.= 5.873E+05  T.E.= 4.267E+06
              Mx= 0.694E+06   My= 0.000E+00   Mz= 0.110E+07
 Write output data
 Step=   636  T= 6.005E-01  K.E.= 4.640E+05  T.E.= 3.971E+06
              Mx= 0.541E+06   My= 0.000E+00   Mz= 0.566E+05
 Step=   689  T= 6.505E-01  K.E.= 5.044E+05  T.E.= 4.183E+06
              Mx= 0.484E+06   My= 0.000E+00   Mz=-0.859E+06
 Step=   742  T= 7.006E-01  K.E.= 5.580E+05  T.E.= 4.719E+06
              Mx= 0.516E+06   My= 0.000E+00   Mz=-0.123E+07
 Step=   795  T= 7.506E-01  K.E.= 7.612E+05  T.E.= 5.312E+06
              Mx= 0.606E+06   My= 0.000E+00   Mz=-0.113E+07
 Write output data
 Step=   848  T= 8.006E-01  K.E.= 9.606E+05  T.E.= 5.835E+06
              Mx= 0.725E+06   My= 0.000E+00   Mz=-0.106E+07
 Step=   901  T= 8.507E-01  K.E.= 8.805E+05  T.E.= 6.398E+06
              Mx= 0.828E+06   My= 0.000E+00   Mz=-0.129E+07
 Step=   954  T= 9.007E-01  K.E.= 7.710E+05  T.E.= 7.092E+06
              Mx= 0.929E+06   My= 0.000E+00   Mz=-0.148E+07
 Step=  1007  T= 9.508E-01  K.E.= 6.569E+05  T.E.= 7.757E+06
              Mx= 0.956E+06   My= 0.000E+00   Mz=-0.113E+07
 Write output data
 Step=  1060  T= 1.001E+00  K.E.= 5.341E+05  T.E.= 8.123E+06
              Mx= 0.910E+06   My= 0.000E+00   Mz=-0.278E+06
 Step=  1113  T= 1.051E+00  K.E.= 6.336E+05  T.E.= 8.037E+06
              Mx= 0.838E+06   My= 0.000E+00   Mz= 0.588E+06
 Step=  1166  T= 1.101E+00  K.E.= 7.540E+05  T.E.= 7.652E+06
              Mx= 0.770E+06   My= 0.000E+00   Mz= 0.861E+06
 Step=  1219  T= 1.151E+00  K.E.= 7.775E+05  T.E.= 7.303E+06
              Mx= 0.659E+06   My= 0.000E+00   Mz= 0.477E+06
 Write output data
 Step=  1271  T= 1.200E+00  K.E.= 8.582E+05  T.E.= 7.212E+06
              Mx= 0.548E+06   My= 0.000E+00   Mz=-0.937E+05
 Step=  1324  T= 1.250E+00  K.E.= 8.471E+05  T.E.= 7.353E+06
              Mx= 0.491E+06   My= 0.000E+00   Mz=-0.441E+06
 Step=  1377  T= 1.300E+00  K.E.= 8.045E+05  T.E.= 7.583E+06
              Mx= 0.533E+06   My= 0.000E+00   Mz=-0.449E+06
 Step=  1430  T= 1.350E+00  K.E.= 9.324E+05  T.E.= 7.803E+06
              Mx= 0.630E+06   My= 0.000E+00   Mz=-0.493E+06
 Write output data
 Step=  1483  T= 1.400E+00  K.E.= 1.007E+06  T.E.= 8.120E+06
              Mx= 0.748E+06   My= 0.000E+00   Mz=-0.862E+06
 Step=  1536  T= 1.450E+00  K.E.= 1.040E+06  T.E.= 8.680E+06
              Mx= 0.869E+06   My= 0.000E+00   Mz=-0.143E+07
 Step=  1589  T= 1.500E+00  K.E.= 1.093E+06  T.E.= 9.456E+06
              Mx= 0.962E+06   My= 0.000E+00   Mz=-0.166E+07
 Step=  1642  T= 1.550E+00  K.E.= 9.703E+05  T.E.= 1.020E+07
              Mx= 0.103E+07   My= 0.000E+00   Mz=-0.127E+07
 Write output data
 Step=  1695  T= 1.600E+00  K.E.= 8.598E+05  T.E.= 1.063E+07
              Mx= 0.106E+07   My= 0.000E+00   Mz=-0.427E+06
 Step=  1748  T= 1.650E+00  K.E.= 8.711E+05  T.E.= 1.067E+07
              Mx= 0.102E+07   My= 0.000E+00   Mz= 0.201E+06
 Step=  1801  T= 1.700E+00  K.E.= 8.451E+05  T.E.= 1.052E+07
              Mx= 0.928E+06   My= 0.000E+00   Mz= 0.295E+06
 Step=  1854  T= 1.750E+00  K.E.= 9.225E+05  T.E.= 1.045E+07
              Mx= 0.829E+06   My= 0.000E+00   Mz=-0.326E+05
 Write output data
 Step=  1907  T= 1.801E+00  K.E.= 1.040E+06  T.E.= 1.053E+07
              Mx= 0.724E+06   My= 0.000E+00   Mz=-0.234E+06
 Step=  1960  T= 1.851E+00  K.E.= 1.022E+06  T.E.= 1.063E+07
              Mx= 0.656E+06   My= 0.000E+00   Mz=-0.121E+06
 Step=  2013  T= 1.901E+00  K.E.= 1.060E+06  T.E.= 1.063E+07
              Mx= 0.623E+06   My= 0.000E+00   Mz= 0.617E+05
 Step=  2066  T= 1.951E+00  K.E.= 1.090E+06  T.E.= 1.063E+07
              Mx= 0.647E+06   My= 0.000E+00   Mz=-0.141E+06
 Write output data
 Step=  2119  T= 2.001E+00  K.E.= 1.048E+06  T.E.= 1.084E+07
              Mx= 0.718E+06   My= 0.000E+00   Mz=-0.762E+06
 Step=  2172  T= 2.051E+00  K.E.= 1.129E+06  T.E.= 1.138E+07
              Mx= 0.816E+06   My= 0.000E+00   Mz=-0.138E+07
 Step=  2225  T= 2.101E+00  K.E.= 1.168E+06  T.E.= 1.209E+07
              Mx= 0.937E+06   My= 0.000E+00   Mz=-0.146E+07
 Step=  2278  T= 2.151E+00  K.E.= 1.104E+06  T.E.= 1.272E+07
              Mx= 0.104E+07   My= 0.000E+00   Mz=-0.100E+07
 Write output data
 Step=  2331  T= 2.201E+00  K.E.= 1.102E+06  T.E.= 1.306E+07
              Mx= 0.110E+07   My= 0.000E+00   Mz=-0.436E+06
 Step=  2384  T= 2.251E+00  K.E.= 1.024E+06  T.E.= 1.320E+07
              Mx= 0.109E+07   My= 0.000E+00   Mz=-0.192E+06
 Step=  2437  T= 2.301E+00  K.E.= 9.506E+05  T.E.= 1.332E+07
              Mx= 0.102E+07   My= 0.000E+00   Mz=-0.325E+06
 Step=  2489  T= 2.350E+00  K.E.= 1.028E+06  T.E.= 1.351E+07
              Mx= 0.900E+06   My= 0.000E+00   Mz=-0.427E+06
 Write output data
 Step=  2542  T= 2.400E+00  K.E.= 1.062E+06  T.E.= 1.369E+07
              Mx= 0.758E+06   My= 0.000E+00   Mz=-0.259E+06
 Step=  2595  T= 2.450E+00  K.E.= 1.098E+06  T.E.= 1.372E+07
              Mx= 0.655E+06   My= 0.000E+00   Mz= 0.141E+06
 Step=  2648  T= 2.500E+00  K.E.= 1.187E+06  T.E.= 1.360E+07
              Mx= 0.599E+06   My= 0.000E+00   Mz= 0.289E+06
 Step=  2701  T= 2.550E+00  K.E.= 1.141E+06  T.E.= 1.352E+07
              Mx= 0.588E+06   My= 0.000E+00   Mz=-0.429E+05
 Write output data
 Step=  2754  T= 2.600E+00  K.E.= 1.102E+06  T.E.= 1.369E+07
              Mx= 0.632E+06   My= 0.000E+00   Mz=-0.691E+06
 Step=  2807  T= 2.650E+00  K.E.= 1.127E+06  T.E.= 1.415E+07
              Mx= 0.741E+06   My= 0.000E+00   Mz=-0.110E+07
 Step=  2860  T= 2.700E+00  K.E.= 1.079E+06  T.E.= 1.469E+07
              Mx= 0.887E+06   My= 0.000E+00   Mz=-0.102E+07
 Step=  2913  T= 2.750E+00  K.E.= 1.100E+06  T.E.= 1.509E+07
              Mx= 0.103E+07   My= 0.000E+00   Mz=-0.607E+06
 Write output data
 Step=  2966  T= 2.800E+00  K.E.= 1.129E+06  T.E.= 1.532E+07
              Mx= 0.109E+07   My= 0.000E+00   Mz=-0.403E+06
 Step=  3019  T= 2.850E+00  K.E.= 1.027E+06  T.E.= 1.554E+07
              Mx= 0.109E+07   My= 0.000E+00   Mz=-0.536E+06
 Step=  3072  T= 2.900E+00  K.E.= 9.972E+05  T.E.= 1.587E+07
              Mx= 0.101E+07   My= 0.000E+00   Mz=-0.768E+06
 Step=  3125  T= 2.950E+00  K.E.= 9.913E+05  T.E.= 1.623E+07
              Mx= 0.880E+06   My= 0.000E+00   Mz=-0.662E+06
 Write output data
 Step=  3178  T= 3.001E+00  K.E.= 9.542E+05  T.E.= 1.646E+07
              Mx= 0.748E+06   My= 0.000E+00   Mz=-0.210E+06
 Step=  3231  T= 3.051E+00  K.E.= 1.038E+06  T.E.= 1.645E+07
              Mx= 0.636E+06   My= 0.000E+00   Mz= 0.233E+06
 Step=  3284  T= 3.101E+00  K.E.= 1.085E+06  T.E.= 1.631E+07
              Mx= 0.574E+06   My= 0.000E+00   Mz= 0.252E+06
 Step=  3337  T= 3.151E+00  K.E.= 1.046E+06  T.E.= 1.627E+07
              Mx= 0.559E+06   My= 0.000E+00   Mz=-0.154E+06
 Write output data
 Step=  3390  T= 3.201E+00  K.E.= 1.060E+06  T.E.= 1.646E+07
              Mx= 0.591E+06   My= 0.000E+00   Mz=-0.589E+06
 Step=  3443  T= 3.251E+00  K.E.= 9.907E+05  T.E.= 1.678E+07
              Mx= 0.669E+06   My= 0.000E+00   Mz=-0.678E+06
 Step=  3496  T= 3.301E+00  K.E.= 9.140E+05  T.E.= 1.707E+07
              Mx= 0.778E+06   My= 0.000E+00   Mz=-0.426E+06
 Step=  3549  T= 3.351E+00  K.E.= 9.580E+05  T.E.= 1.722E+07
              Mx= 0.887E+06   My= 0.000E+00   Mz=-0.236E+06
 Write output data
 Step=  3602  T= 3.401E+00  K.E.= 9.357E+05  T.E.= 1.735E+07
              Mx= 0.948E+06   My= 0.000E+00   Mz=-0.381E+06
 Step=  3655  T= 3.451E+00  K.E.= 9.047E+05  T.E.= 1.763E+07
              Mx= 0.943E+06   My= 0.000E+00   Mz=-0.785E+06
 Step=  3708  T= 3.501E+00  K.E.= 9.160E+05  T.E.= 1.808E+07
              Mx= 0.886E+06   My= 0.000E+00   Mz=-0.955E+06
 Step=  3760  T= 3.550E+00  K.E.= 8.274E+05  T.E.= 1.849E+07
              Mx= 0.809E+06   My= 0.000E+00   Mz=-0.696E+06
 Write output data
 Step=  3813  T= 3.600E+00  K.E.= 7.898E+05  T.E.= 1.871E+07
              Mx= 0.705E+06   My= 0.000E+00   Mz=-0.152E+06
 Step=  3866  T= 3.650E+00  K.E.= 8.335E+05  T.E.= 1.869E+07
              Mx= 0.607E+06   My= 0.000E+00   Mz= 0.160E+06
 Step=  3919  T= 3.700E+00  K.E.= 8.043E+05  T.E.= 1.862E+07
              Mx= 0.527E+06   My= 0.000E+00   Mz= 0.504E+05
 Step=  3972  T= 3.750E+00  K.E.= 8.269E+05  T.E.= 1.868E+07
              Mx= 0.495E+06   My= 0.000E+00   Mz=-0.295E+06
 Write output data
 Step=  4025  T= 3.800E+00  K.E.= 8.392E+05  T.E.= 1.886E+07
              Mx= 0.492E+06   My= 0.000E+00   Mz=-0.413E+06
 Step=  4078  T= 3.850E+00  K.E.= 7.316E+05  T.E.= 1.903E+07
              Mx= 0.520E+06   My= 0.000E+00   Mz=-0.205E+06
 Step=  4131  T= 3.900E+00  K.E.= 6.967E+05  T.E.= 1.905E+07
              Mx= 0.582E+06   My= 0.000E+00   Mz= 0.926E+05
 Step=  4184  T= 3.950E+00  K.E.= 6.780E+05  T.E.= 1.900E+07
              Mx= 0.646E+06   My= 0.000E+00   Mz= 0.498E+05
 Write output data
 Step=  4237  T= 4.000E+00  K.E.= 6.172E+05  T.E.= 1.906E+07
              Mx= 0.698E+06   My= 0.000E+00   Mz=-0.362E+06
 Step=  4290  T= 4.050E+00  K.E.= 6.555E+05  T.E.= 1.936E+07
              Mx= 0.719E+06   My= 0.000E+00   Mz=-0.807E+06
 Step=  4343  T= 4.100E+00  K.E.= 6.442E+05  T.E.= 1.979E+07
              Mx= 0.705E+06   My= 0.000E+00   Mz=-0.864E+06
 Step=  4396  T= 4.151E+00  K.E.= 5.661E+05  T.E.= 2.014E+07
              Mx= 0.659E+06   My= 0.000E+00   Mz=-0.507E+06
 Write output data
 Step=  4449  T= 4.201E+00  K.E.= 5.719E+05  T.E.= 2.028E+07
              Mx= 0.591E+06   My= 0.000E+00   Mz=-0.112E+06
 Step=  4502  T= 4.251E+00  K.E.= 5.285E+05  T.E.= 2.030E+07
              Mx= 0.504E+06   My= 0.000E+00   Mz=-0.374E+05
 Step=  4555  T= 4.301E+00  K.E.= 4.861E+05  T.E.= 2.037E+07
              Mx= 0.426E+06   My= 0.000E+00   Mz=-0.265E+06
 Step=  4608  T= 4.351E+00  K.E.= 5.376E+05  T.E.= 2.054E+07
              Mx= 0.366E+06   My= 0.000E+00   Mz=-0.394E+06
 Write output data
 Step=  4661  T= 4.401E+00  K.E.= 5.055E+05  T.E.= 2.070E+07
              Mx= 0.337E+06   My= 0.000E+00   Mz=-0.182E+06
 Step=  4714  T= 4.451E+00  K.E.= 4.624E+05  T.E.= 2.068E+07
              Mx= 0.331E+06   My= 0.000E+00   Mz= 0.257E+06
 Step=  4767  T= 4.501E+00  K.E.= 4.650E+05  T.E.= 2.050E+07
              Mx= 0.347E+06   My= 0.000E+00   Mz= 0.441E+06
 Step=  4820  T= 4.551E+00  K.E.= 3.792E+05  T.E.= 2.032E+07
              Mx= 0.380E+06   My= 0.000E+00   Mz= 0.183E+06
 Write output data
 Step=  4873  T= 4.601E+00  K.E.= 3.495E+05  T.E.= 2.036E+07
              Mx= 0.413E+06   My= 0.000E+00   Mz=-0.351E+06
 Step=  4926  T= 4.651E+00  K.E.= 3.823E+05  T.E.= 2.062E+07
              Mx= 0.452E+06   My= 0.000E+00   Mz=-0.663E+06
 Step=  4978  T= 4.700E+00  K.E.= 3.364E+05  T.E.= 2.094E+07
              Mx= 0.478E+06   My= 0.000E+00   Mz=-0.586E+06
 Step=  5031  T= 4.750E+00  K.E.= 3.388E+05  T.E.= 2.115E+07
              Mx= 0.477E+06   My= 0.000E+00   Mz=-0.270E+06
 Write output data
 Step=  5084  T= 4.800E+00  K.E.= 3.442E+05  T.E.= 2.124E+07
              Mx= 0.453E+06   My= 0.000E+00   Mz=-0.148E+06
 Step=  5137  T= 4.850E+00  K.E.= 2.598E+05  T.E.= 2.134E+07
              Mx= 0.412E+06   My= 0.000E+00   Mz=-0.306E+06
 Step=  5190  T= 4.900E+00  K.E.= 2.552E+05  T.E.= 2.155E+07
              Mx= 0.360E+06   My= 0.000E+00   Mz=-0.521E+06
 Step=  5243  T= 4.950E+00  K.E.= 2.557E+05  T.E.= 2.180E+07
              Mx= 0.295E+06   My= 0.000E+00   Mz=-0.403E+06
 Write output data
 Step=  5296  T= 5.000E+00  K.E.= 2.062E+05  T.E.= 2.189E+07
              Mx= 0.228E+06   My= 0.000E+00   Mz= 0.533E+05
 Step=  5349  T= 5.050E+00  K.E.= 2.430E+05  T.E.= 2.175E+07
              Mx= 0.173E+06   My= 0.000E+00   Mz= 0.506E+06
 Step=  5402  T= 5.100E+00  K.E.= 2.322E+05  T.E.= 2.147E+07
              Mx= 0.142E+06   My= 0.000E+00   Mz= 0.546E+06
 Step=  5455  T= 5.150E+00  K.E.= 1.645E+05  T.E.= 2.128E+07
              Mx= 0.128E+06   My= 0.000E+00   Mz= 0.160E+06
 Write output data
 Step=  5508  T= 5.200E+00  K.E.= 1.778E+05  T.E.= 2.132E+07
              Mx= 0.140E+06   My= 0.000E+00   Mz=-0.261E+06
 Step=  5561  T= 5.250E+00  K.E.= 1.437E+05  T.E.= 2.148E+07
              Mx= 0.175E+06   My= 0.000E+00   Mz=-0.374E+06
 Step=  5614  T= 5.300E+00  K.E.= 1.103E+05  T.E.= 2.163E+07
              Mx= 0.222E+06   My= 0.000E+00   Mz=-0.180E+06
 Step=  5667  T= 5.351E+00  K.E.= 1.636E+05  T.E.= 2.168E+07
              Mx= 0.259E+06   My= 0.000E+00   Mz=-0.495E+05
 Write output data
 Step=  5720  T= 5.401E+00  K.E.= 1.370E+05  T.E.= 2.172E+07
              Mx= 0.277E+06   My= 0.000E+00   Mz=-0.202E+06
 Step=  5773  T= 5.451E+00  K.E.= 1.065E+05  T.E.= 2.190E+07
              Mx= 0.285E+06   My= 0.000E+00   Mz=-0.535E+06
 Step=  5826  T= 5.501E+00  K.E.= 1.255E+05  T.E.= 2.220E+07
              Mx= 0.264E+06   My= 0.000E+00   Mz=-0.615E+06
 Step=  5879  T= 5.551E+00  K.E.= 6.458E+04  T.E.= 2.244E+07
              Mx= 0.219E+06   My= 0.000E+00   Mz=-0.291E+06
 Write output data
 Step=  5932  T= 5.601E+00  K.E.= 5.581E+04  T.E.= 2.245E+07
              Mx= 0.149E+06   My= 0.000E+00   Mz= 0.261E+06
 Step=  5985  T= 5.651E+00  K.E.= 1.006E+05  T.E.= 2.224E+07
              Mx= 0.667E+05   My= 0.000E+00   Mz= 0.548E+06
 Step=  6038  T= 5.701E+00  K.E.= 6.465E+04  T.E.= 2.198E+07
              Mx=-0.596E+04   My= 0.000E+00   Mz= 0.414E+06
 Step=  6091  T= 5.751E+00  K.E.= 7.810E+04  T.E.= 2.187E+07
              Mx=-0.604E+05   My= 0.000E+00   Mz= 0.401E+05
 Write output data
 Step=  6144  T= 5.801E+00  K.E.= 9.205E+04  T.E.= 2.191E+07
              Mx=-0.848E+05   My= 0.000E+00   Mz=-0.137E+06
 Step=  6197  T= 5.851E+00  K.E.= 2.645E+04  T.E.= 2.195E+07
              Mx=-0.682E+05   My= 0.000E+00   Mz=-0.134E+05
 Step=  6249  T= 5.900E+00  K.E.= 4.198E+04  T.E.= 2.191E+07
              Mx=-0.281E+05   My= 0.000E+00   Mz= 0.192E+06
 Step=  6302  T= 5.950E+00  K.E.= 6.061E+04  T.E.= 2.182E+07
              Mx= 0.233E+05   My= 0.000E+00   Mz= 0.119E+06
 Write output data
 Step=  6355  T= 6.000E+00  K.E.= 2.726E+04  T.E.= 2.184E+07
              Mx= 0.796E+05   My= 0.000E+00   Mz=-0.246E+06
 Step=  6408  T= 6.050E+00  K.E.= 7.338E+04  T.E.= 2.205E+07
              Mx= 0.129E+06   My= 0.000E+00   Mz=-0.580E+06
 Step=  6461  T= 6.100E+00  K.E.= 7.302E+04  T.E.= 2.234E+07
              Mx= 0.166E+06   My= 0.000E+00   Mz=-0.525E+06
 Step=  6514  T= 6.150E+00  K.E.= 2.307E+04  T.E.= 2.250E+07
              Mx= 0.161E+06   My= 0.000E+00   Mz=-0.105E+06
 Write output data
 Step=  6567  T= 6.200E+00  K.E.= 5.435E+04  T.E.= 2.245E+07
              Mx= 0.121E+06   My= 0.000E+00   Mz= 0.294E+06
 Step=  6620  T= 6.250E+00  K.E.= 3.830E+04  T.E.= 2.228E+07
              Mx= 0.568E+05   My= 0.000E+00   Mz= 0.349E+06
 Step=  6673  T= 6.300E+00  K.E.= 1.949E+04  T.E.= 2.216E+07
              Mx=-0.119E+05   My= 0.000E+00   Mz= 0.894E+05
 Step=  6726  T= 6.350E+00  K.E.= 7.774E+04  T.E.= 2.217E+07
              Mx=-0.797E+05   My= 0.000E+00   Mz=-0.102E+06
 Write output data
 Step=  6779  T= 6.400E+00  K.E.= 5.614E+04  T.E.= 2.221E+07
              Mx=-0.136E+06   My= 0.000E+00   Mz= 0.836E+04
 Step=  6832  T= 6.450E+00  K.E.= 3.505E+04  T.E.= 2.213E+07
              Mx=-0.164E+06   My= 0.000E+00   Mz= 0.321E+06
 Step=  6885  T= 6.501E+00  K.E.= 6.649E+04  T.E.= 2.193E+07
              Mx=-0.158E+06   My= 0.000E+00   Mz= 0.430E+06
 Step=  6938  T= 6.551E+00  K.E.= 2.234E+04  T.E.= 2.177E+07
              Mx=-0.126E+06   My= 0.000E+00   Mz= 0.172E+06
 Write output data
 Step=  6991  T= 6.601E+00  K.E.= 2.486E+04  T.E.= 2.180E+07
              Mx=-0.676E+05   My= 0.000E+00   Mz=-0.286E+06
 Step=  7044  T= 6.651E+00  K.E.= 7.166E+04  T.E.= 2.200E+07
              Mx= 0.101E+05   My= 0.000E+00   Mz=-0.498E+06
 Step=  7097  T= 6.701E+00  K.E.= 3.712E+04  T.E.= 2.222E+07
              Mx= 0.887E+05   My= 0.000E+00   Mz=-0.332E+06
 Step=  7150  T= 6.751E+00  K.E.= 5.068E+04  T.E.= 2.230E+07
              Mx= 0.161E+06   My= 0.000E+00   Mz= 0.200E+05
 Write output data
 Step=  7203  T= 6.801E+00  K.E.= 6.913E+04  T.E.= 2.224E+07
              Mx= 0.210E+06   My= 0.000E+00   Mz= 0.150E+06
 Step=  7256  T= 6.851E+00  K.E.= 1.613E+04  T.E.= 2.220E+07
              Mx= 0.214E+06   My= 0.000E+00   Mz=-0.153E+05
 Step=  7309  T= 6.901E+00  K.E.= 4.012E+04  T.E.= 2.227E+07
              Mx= 0.166E+06   My= 0.000E+00   Mz=-0.240E+06
 Step=  7362  T= 6.951E+00  K.E.= 5.800E+04  T.E.= 2.238E+07
              Mx= 0.675E+05   My= 0.000E+00   Mz=-0.178E+06
 Write output data
 Step=  7415  T= 7.001E+00  K.E.= 2.251E+04  T.E.= 2.240E+07
              Mx=-0.427E+05   My= 0.000E+00   Mz= 0.166E+06
 Step=  7468  T= 7.051E+00  K.E.= 6.185E+04  T.E.= 2.223E+07
              Mx=-0.139E+06   My= 0.000E+00   Mz= 0.485E+06
 Step=  7520  T= 7.100E+00  K.E.= 5.899E+04  T.E.= 2.199E+07
              Mx=-0.193E+06   My= 0.000E+00   Mz= 0.448E+06
 Step=  7573  T= 7.150E+00  K.E.= 1.490E+04  T.E.= 2.185E+07
              Mx=-0.195E+06   My= 0.000E+00   Mz= 0.793E+05
 Write output data
 Step=  7626  T= 7.200E+00  K.E.= 5.139E+04  T.E.= 2.190E+07
              Mx=-0.157E+06   My= 0.000E+00   Mz=-0.269E+06
 Step=  7679  T= 7.250E+00  K.E.= 3.919E+04  T.E.= 2.206E+07
              Mx=-0.793E+05   My= 0.000E+00   Mz=-0.296E+06
 Step=  7732  T= 7.300E+00  K.E.= 1.733E+04  T.E.= 2.215E+07
              Mx= 0.119E+05   My= 0.000E+00   Mz=-0.393E+05
 Step=  7785  T= 7.350E+00  K.E.= 6.648E+04  T.E.= 2.211E+07
              Mx= 0.947E+05   My= 0.000E+00   Mz= 0.130E+06
 Write output data
 Step=  7838  T= 7.400E+00  K.E.= 4.276E+04  T.E.= 2.207E+07
              Mx= 0.156E+06   My= 0.000E+00   Mz= 0.328E+04
 Step=  7891  T= 7.450E+00  K.E.= 2.577E+04  T.E.= 2.214E+07
              Mx= 0.194E+06   My= 0.000E+00   Mz=-0.310E+06
 Step=  7944  T= 7.500E+00  K.E.= 6.286E+04  T.E.= 2.233E+07
              Mx= 0.197E+06   My= 0.000E+00   Mz=-0.416E+06
 Step=  7997  T= 7.550E+00  K.E.= 2.468E+04  T.E.= 2.249E+07
              Mx= 0.159E+06   My= 0.000E+00   Mz=-0.165E+06
 Write output data
 Step=  8050  T= 7.600E+00  K.E.= 2.471E+04  T.E.= 2.247E+07
              Mx= 0.746E+05   My= 0.000E+00   Mz= 0.273E+06
 Step=  8103  T= 7.650E+00  K.E.= 6.336E+04  T.E.= 2.227E+07
              Mx=-0.195E+05   My= 0.000E+00   Mz= 0.471E+06
 Step=  8156  T= 7.701E+00  K.E.= 2.456E+04  T.E.= 2.206E+07
              Mx=-0.102E+06   My= 0.000E+00   Mz= 0.303E+06
 Step=  8209  T= 7.751E+00  K.E.= 3.669E+04  T.E.= 2.200E+07
              Mx=-0.147E+06   My= 0.000E+00   Mz=-0.536E+05
 Write output data
 Step=  8262  T= 7.801E+00  K.E.= 5.829E+04  T.E.= 2.207E+07
              Mx=-0.156E+06   My= 0.000E+00   Mz=-0.194E+06
 Step=  8315  T= 7.851E+00  K.E.= 1.125E+04  T.E.= 2.214E+07
              Mx=-0.140E+06   My= 0.000E+00   Mz=-0.346E+05
 Step=  8368  T= 7.901E+00  K.E.= 3.645E+04  T.E.= 2.210E+07
              Mx=-0.983E+05   My= 0.000E+00   Mz= 0.200E+06
 Step=  8421  T= 7.951E+00  K.E.= 5.200E+04  T.E.= 2.200E+07
              Mx=-0.332E+05   My= 0.000E+00   Mz= 0.160E+06
 Write output data
 Step=  8474  T= 8.001E+00  K.E.= 1.341E+04  T.E.= 2.199E+07
              Mx= 0.452E+05   My= 0.000E+00   Mz=-0.163E+06
 Step=  8527  T= 8.051E+00  K.E.= 5.029E+04  T.E.= 2.215E+07
              Mx= 0.117E+06   My= 0.000E+00   Mz=-0.455E+06
 Step=  8580  T= 8.101E+00  K.E.= 4.908E+04  T.E.= 2.237E+07
              Mx= 0.167E+06   My= 0.000E+00   Mz=-0.394E+06
 Step=  8633  T= 8.151E+00  K.E.= 1.166E+04  T.E.= 2.248E+07
              Mx= 0.183E+06   My= 0.000E+00   Mz=-0.186E+05
 Write output data
 Step=  8686  T= 8.201E+00  K.E.= 5.086E+04  T.E.= 2.240E+07
              Mx= 0.161E+06   My= 0.000E+00   Mz= 0.315E+06
 Step=  8738  T= 8.250E+00  K.E.= 3.774E+04  T.E.= 2.223E+07
              Mx= 0.101E+06   My= 0.000E+00   Mz= 0.326E+06
 Step=  8791  T= 8.300E+00  K.E.= 1.208E+04  T.E.= 2.213E+07
              Mx= 0.166E+05   My= 0.000E+00   Mz= 0.574E+05
 Step=  8844  T= 8.350E+00  K.E.= 5.681E+04  T.E.= 2.216E+07
              Mx=-0.752E+05   My= 0.000E+00   Mz=-0.151E+06
 Write output data
 Step=  8897  T= 8.400E+00  K.E.= 3.330E+04  T.E.= 2.223E+07
              Mx=-0.148E+06   My= 0.000E+00   Mz=-0.806E+05
 Step=  8950  T= 8.450E+00  K.E.= 1.805E+04  T.E.= 2.221E+07
              Mx=-0.180E+06   My= 0.000E+00   Mz= 0.193E+06
 Step=  9003  T= 8.500E+00  K.E.= 5.755E+04  T.E.= 2.207E+07
              Mx=-0.173E+06   My= 0.000E+00   Mz= 0.302E+06
 Step=  9056  T= 8.550E+00  K.E.= 2.203E+04  T.E.= 2.196E+07
              Mx=-0.126E+06   My= 0.000E+00   Mz= 0.100E+06
 Write output data
 Step=  9109  T= 8.600E+00  K.E.= 2.035E+04  T.E.= 2.200E+07
              Mx=-0.535E+05   My= 0.000E+00   Mz=-0.270E+06
 Step=  9162  T= 8.650E+00  K.E.= 5.617E+04  T.E.= 2.218E+07
              Mx= 0.305E+05   My= 0.000E+00   Mz=-0.411E+06
 Step=  9215  T= 8.700E+00  K.E.= 1.777E+04  T.E.= 2.235E+07
              Mx= 0.111E+06   My= 0.000E+00   Mz=-0.208E+06
 Step=  9268  T= 8.750E+00  K.E.= 3.155E+04  T.E.= 2.236E+07
              Mx= 0.172E+06   My= 0.000E+00   Mz= 0.145E+06
 Write output data
 Step=  9321  T= 8.800E+00  K.E.= 5.695E+04  T.E.= 2.225E+07
              Mx= 0.197E+06   My= 0.000E+00   Mz= 0.260E+06
 Step=  9374  T= 8.851E+00  K.E.= 1.258E+04  T.E.= 2.216E+07
              Mx= 0.177E+06   My= 0.000E+00   Mz= 0.692E+05
 Step=  9427  T= 8.901E+00  K.E.= 3.473E+04  T.E.= 2.220E+07
              Mx= 0.115E+06   My= 0.000E+00   Mz=-0.197E+06
 Step=  9480  T= 8.951E+00  K.E.= 4.752E+04  T.E.= 2.231E+07
              Mx= 0.205E+05   My= 0.000E+00   Mz=-0.201E+06
 Write output data
 Step=  9533  T= 9.001E+00  K.E.= 8.426E+03  T.E.= 2.235E+07
              Mx=-0.778E+05   My= 0.000E+00   Mz= 0.649E+05
 Step=  9586  T= 9.051E+00  K.E.= 4.412E+04  T.E.= 2.225E+07
              Mx=-0.153E+06   My= 0.000E+00   Mz= 0.327E+06
 Step=  9639  T= 9.101E+00  K.E.= 4.460E+04  T.E.= 2.208E+07
              Mx=-0.180E+06   My= 0.000E+00   Mz= 0.284E+06
 Step=  9692  T= 9.151E+00  K.E.= 9.157E+03  T.E.= 2.201E+07
              Mx=-0.159E+06   My= 0.000E+00   Mz=-0.367E+05
 Write output data
 Step=  9745  T= 9.201E+00  K.E.= 4.700E+04  T.E.= 2.211E+07
              Mx=-0.106E+06   My= 0.000E+00   Mz=-0.304E+06
 Step=  9798  T= 9.251E+00  K.E.= 3.250E+04  T.E.= 2.226E+07
              Mx=-0.354E+05   My= 0.000E+00   Mz=-0.254E+06
 Step=  9851  T= 9.301E+00  K.E.= 8.733E+03  T.E.= 2.231E+07
              Mx= 0.365E+05   My= 0.000E+00   Mz= 0.527E+05
 Step=  9904  T= 9.351E+00  K.E.= 5.232E+04  T.E.= 2.223E+07
              Mx= 0.107E+06   My= 0.000E+00   Mz= 0.253E+06
 Write output data
 Step=  9957  T= 9.401E+00  K.E.= 2.926E+04  T.E.= 2.212E+07
              Mx= 0.156E+06   My= 0.000E+00   Mz= 0.140E+06
 Step= 10009  T= 9.450E+00  K.E.= 1.637E+04  T.E.= 2.212E+07
              Mx= 0.178E+06   My= 0.000E+00   Mz=-0.175E+06
 Step= 10062  T= 9.500E+00  K.E.= 5.451E+04  T.E.= 2.226E+07
              Mx= 0.154E+06   My= 0.000E+00   Mz=-0.325E+06
 Step= 10115  T= 9.550E+00  K.E.= 1.943E+04  T.E.= 2.239E+07
              Mx= 0.848E+05   My= 0.000E+00   Mz=-0.152E+06
 Write output data
 Step= 10168  T= 9.600E+00  K.E.= 1.756E+04  T.E.= 2.238E+07
              Mx=-0.239E+04   My= 0.000E+00   Mz= 0.194E+06
 Step= 10221  T= 9.650E+00  K.E.= 5.219E+04  T.E.= 2.224E+07
              Mx=-0.743E+05   My= 0.000E+00   Mz= 0.328E+06
 Step= 10274  T= 9.700E+00  K.E.= 1.431E+04  T.E.= 2.211E+07
              Mx=-0.119E+06   My= 0.000E+00   Mz= 0.140E+06
 Step= 10327  T= 9.750E+00  K.E.= 2.724E+04  T.E.= 2.212E+07
              Mx=-0.136E+06   My= 0.000E+00   Mz=-0.179E+06
 Write output data
 Step= 10380  T= 9.800E+00  K.E.= 5.134E+04  T.E.= 2.224E+07
              Mx=-0.126E+06   My= 0.000E+00   Mz=-0.255E+06
 Step= 10433  T= 9.850E+00  K.E.= 8.521E+03  T.E.= 2.232E+07
              Mx=-0.919E+05   My= 0.000E+00   Mz=-0.279E+05
 Step= 10486  T= 9.900E+00  K.E.= 3.128E+04  T.E.= 2.226E+07
              Mx=-0.394E+05   My= 0.000E+00   Mz= 0.262E+06
 Step= 10539  T= 9.950E+00  K.E.= 4.412E+04  T.E.= 2.212E+07
              Mx= 0.246E+05   My= 0.000E+00   Mz= 0.268E+06
 Write output data
 Step= 10592  T= 1.000E+01  K.E.= 5.972E+03  T.E.= 2.205E+07
              Mx= 0.900E+05   My= 0.000E+00   Mz=-0.215E+05
 Step= 10645  T= 1.005E+01  K.E.= 4.077E+04  T.E.= 2.214E+07
              Mx= 0.129E+06   My= 0.000E+00   Mz=-0.318E+06
 Step= 10698  T= 1.010E+01  K.E.= 4.134E+04  T.E.= 2.230E+07
              Mx= 0.134E+06   My= 0.000E+00   Mz=-0.310E+06
 Step= 10751  T= 1.015E+01  K.E.= 7.264E+03  T.E.= 2.239E+07
              Mx= 0.109E+06   My= 0.000E+00   Mz=-0.118E+05
 Write output data
 Step= 10804  T= 1.020E+01  K.E.= 4.454E+04  T.E.= 2.232E+07
              Mx= 0.631E+05   My= 0.000E+00   Mz= 0.254E+06
 Step= 10857  T= 1.025E+01  K.E.= 3.051E+04  T.E.= 2.220E+07
              Mx= 0.103E+05   My= 0.000E+00   Mz= 0.218E+06
 Step= 10910  T= 1.030E+01  K.E.= 6.837E+03  T.E.= 2.215E+07
              Mx=-0.383E+05   My= 0.000E+00   Mz=-0.695E+05
 Step= 10963  T= 1.035E+01  K.E.= 4.906E+04  T.E.= 2.224E+07
              Mx=-0.793E+05   My= 0.000E+00   Mz=-0.257E+06
 Write output data
 Step= 11016  T= 1.040E+01  K.E.= 2.574E+04  T.E.= 2.235E+07
              Mx=-0.112E+06   My= 0.000E+00   Mz=-0.136E+06
 Step= 11069  T= 1.045E+01  K.E.= 1.370E+04  T.E.= 2.234E+07
              Mx=-0.121E+06   My= 0.000E+00   Mz= 0.189E+06
 Step= 11122  T= 1.050E+01  K.E.= 5.129E+04  T.E.= 2.220E+07
              Mx=-0.958E+05   My= 0.000E+00   Mz= 0.342E+06
 Step= 11175  T= 1.055E+01  K.E.= 1.656E+04  T.E.= 2.206E+07
              Mx=-0.439E+05   My= 0.000E+00   Mz= 0.168E+06
 Write output data
 Step= 11227  T= 1.060E+01  K.E.= 1.602E+04  T.E.= 2.206E+07
              Mx= 0.141E+05   My= 0.000E+00   Mz=-0.175E+06
 Step= 11280  T= 1.065E+01  K.E.= 5.007E+04  T.E.= 2.220E+07
              Mx= 0.646E+05   My= 0.000E+00   Mz=-0.322E+06
 Step= 11333  T= 1.070E+01  K.E.= 1.270E+04  T.E.= 2.233E+07
              Mx= 0.934E+05   My= 0.000E+00   Mz=-0.151E+06
 Step= 11386  T= 1.075E+01  K.E.= 2.526E+04  T.E.= 2.232E+07
              Mx= 0.980E+05   My= 0.000E+00   Mz= 0.159E+06
 Write output data
 Step= 11439  T= 1.080E+01  K.E.= 4.938E+04  T.E.= 2.221E+07
              Mx= 0.933E+05   My= 0.000E+00   Mz= 0.241E+06
 Step= 11492  T= 1.085E+01  K.E.= 7.717E+03  T.E.= 2.214E+07
              Mx= 0.723E+05   My= 0.000E+00   Mz= 0.310E+05
 Step= 11545  T= 1.090E+01  K.E.= 3.029E+04  T.E.= 2.220E+07
              Mx= 0.344E+05   My= 0.000E+00   Mz=-0.251E+06
 Step= 11598  T= 1.095E+01  K.E.= 4.307E+04  T.E.= 2.234E+07
              Mx=-0.201E+05   My= 0.000E+00   Mz=-0.267E+06
 Write output data
 Step= 11651  T= 1.100E+01  K.E.= 4.936E+03  T.E.= 2.241E+07
              Mx=-0.702E+05   My= 0.000E+00   Mz= 0.971E+04
 Step= 11704  T= 1.105E+01  K.E.= 3.843E+04  T.E.= 2.233E+07
              Mx=-0.101E+06   My= 0.000E+00   Mz= 0.299E+06
 Step= 11757  T= 1.110E+01  K.E.= 3.913E+04  T.E.= 2.217E+07
              Mx=-0.102E+06   My= 0.000E+00   Mz= 0.288E+06
 Step= 11810  T= 1.115E+01  K.E.= 5.906E+03  T.E.= 2.209E+07
              Mx=-0.755E+05   My= 0.000E+00   Mz=-0.342E+04
 Write output data
 Step= 11863  T= 1.120E+01  K.E.= 4.348E+04  T.E.= 2.216E+07
              Mx=-0.399E+05   My= 0.000E+00   Mz=-0.253E+06
 Step= 11916  T= 1.125E+01  K.E.= 3.028E+04  T.E.= 2.229E+07
              Mx=-0.428E+04   My= 0.000E+00   Mz=-0.200E+06
 Step= 11969  T= 1.130E+01  K.E.= 6.494E+03  T.E.= 2.232E+07
              Mx= 0.285E+05   My= 0.000E+00   Mz= 0.927E+05
 Step= 12022  T= 1.135E+01  K.E.= 4.751E+04  T.E.= 2.222E+07
              Mx= 0.639E+05   My= 0.000E+00   Mz= 0.280E+06
 Write output data
 Step= 12075  T= 1.140E+01  K.E.= 2.447E+04  T.E.= 2.210E+07
              Mx= 0.912E+05   My= 0.000E+00   Mz= 0.156E+06
 Step= 12128  T= 1.145E+01  K.E.= 1.258E+04  T.E.= 2.210E+07
              Mx= 0.960E+05   My= 0.000E+00   Mz=-0.173E+06
 Step= 12181  T= 1.150E+01  K.E.= 5.045E+04  T.E.= 2.224E+07
              Mx= 0.681E+05   My= 0.000E+00   Mz=-0.340E+06
 Step= 12234  T= 1.155E+01  K.E.= 1.671E+04  T.E.= 2.238E+07
              Mx= 0.270E+05   My= 0.000E+00   Mz=-0.186E+06
 Write output data
 Step= 12287  T= 1.160E+01  K.E.= 1.656E+04  T.E.= 2.240E+07
              Mx=-0.160E+05   My= 0.000E+00   Mz= 0.145E+06
 Step= 12340  T= 1.165E+01  K.E.= 4.874E+04  T.E.= 2.228E+07
              Mx=-0.458E+05   My= 0.000E+00   Mz= 0.284E+06
 Step= 12393  T= 1.170E+01  K.E.= 1.082E+04  T.E.= 2.217E+07
              Mx=-0.582E+05   My= 0.000E+00   Mz= 0.114E+06
 Step= 12446  T= 1.175E+01  K.E.= 2.460E+04  T.E.= 2.219E+07
              Mx=-0.591E+05   My= 0.000E+00   Mz=-0.180E+06
 Write output data
 Step= 12498  T= 1.180E+01  K.E.= 4.814E+04  T.E.= 2.230E+07
              Mx=-0.559E+05   My= 0.000E+00   Mz=-0.239E+06
 Step= 12551  T= 1.185E+01  K.E.= 7.621E+03  T.E.= 2.238E+07
              Mx=-0.497E+05   My= 0.000E+00   Mz=-0.430E+04
 Step= 12604  T= 1.190E+01  K.E.= 3.002E+04  T.E.= 2.230E+07
              Mx=-0.272E+05   My= 0.000E+00   Mz= 0.292E+06
 Step= 12657  T= 1.195E+01  K.E.= 4.251E+04  T.E.= 2.214E+07
              Mx= 0.857E+04   My= 0.000E+00   Mz= 0.307E+06
 Write output data
 Step= 12710  T= 1.200E+01  K.E.= 4.265E+03  T.E.= 2.205E+07
              Mx= 0.436E+05   My= 0.000E+00   Mz= 0.217E+05
 Step= 12763  T= 1.205E+01  K.E.= 3.695E+04  T.E.= 2.213E+07
              Mx= 0.623E+05   My= 0.000E+00   Mz=-0.285E+06
 Step= 12816  T= 1.210E+01  K.E.= 3.786E+04  T.E.= 2.228E+07
              Mx= 0.610E+05   My= 0.000E+00   Mz=-0.301E+06
 Step= 12869  T= 1.215E+01  K.E.= 5.608E+03  T.E.= 2.238E+07
              Mx= 0.433E+05   My= 0.000E+00   Mz=-0.362E+05
 Write output data
 Step= 12922  T= 1.220E+01  K.E.= 4.311E+04  T.E.= 2.233E+07
              Mx= 0.272E+05   My= 0.000E+00   Mz= 0.208E+06
 Step= 12975  T= 1.225E+01  K.E.= 3.017E+04  T.E.= 2.222E+07
              Mx= 0.160E+05   My= 0.000E+00   Mz= 0.167E+06
 Step= 13028  T= 1.230E+01  K.E.= 6.124E+03  T.E.= 2.221E+07
              Mx= 0.447E+04   My= 0.000E+00   Mz=-0.106E+06
 Step= 13081  T= 1.235E+01  K.E.= 4.605E+04  T.E.= 2.231E+07
              Mx=-0.155E+05   My= 0.000E+00   Mz=-0.278E+06
 Write output data
 Step= 13134  T= 1.240E+01  K.E.= 2.316E+04  T.E.= 2.243E+07
              Mx=-0.417E+05   My= 0.000E+00   Mz=-0.140E+06
 Step= 13187  T= 1.245E+01  K.E.= 1.183E+04  T.E.= 2.242E+07
              Mx=-0.565E+05   My= 0.000E+00   Mz= 0.201E+06
 Step= 13240  T= 1.250E+01  K.E.= 4.975E+04  T.E.= 2.227E+07
              Mx=-0.542E+05   My= 0.000E+00   Mz= 0.376E+06
 Step= 13293  T= 1.255E+01  K.E.= 1.675E+04  T.E.= 2.211E+07
              Mx=-0.328E+05   My= 0.000E+00   Mz= 0.217E+06
 Write output data
 Step= 13346  T= 1.260E+01  K.E.= 1.633E+04  T.E.= 2.209E+07
              Mx=-0.610E+04   My= 0.000E+00   Mz=-0.130E+06
 Step= 13399  T= 1.265E+01  K.E.= 4.776E+04  T.E.= 2.221E+07
              Mx= 0.106E+05   My= 0.000E+00   Mz=-0.294E+06
 Step= 13452  T= 1.270E+01  K.E.= 1.020E+04  T.E.= 2.233E+07
              Mx= 0.206E+05   My= 0.000E+00   Mz=-0.145E+06
 Step= 13505  T= 1.275E+01  K.E.= 2.388E+04  T.E.= 2.233E+07
              Mx= 0.291E+05   My= 0.000E+00   Mz= 0.138E+06
 Write output data
 Step= 13558  T= 1.280E+01  K.E.= 4.713E+04  T.E.= 2.223E+07
              Mx= 0.423E+05   My= 0.000E+00   Mz= 0.205E+06
 Step= 13611  T= 1.285E+01  K.E.= 7.341E+03  T.E.= 2.218E+07
              Mx= 0.531E+05   My= 0.000E+00   Mz=-0.111E+05
 Step= 13664  T= 1.290E+01  K.E.= 3.057E+04  T.E.= 2.226E+07
              Mx= 0.491E+05   My= 0.000E+00   Mz=-0.281E+06
 Step= 13717  T= 1.295E+01  K.E.= 4.113E+04  T.E.= 2.241E+07
              Mx= 0.250E+05   My= 0.000E+00   Mz=-0.280E+06
 Write output data
 Step= 13769  T= 1.300E+01  K.E.= 3.988E+03  T.E.= 2.249E+07
              Mx=-0.554E+04   My= 0.000E+00   Mz= 0.497E+04
 Step= 13822  T= 1.305E+01  K.E.= 3.609E+04  T.E.= 2.241E+07
              Mx=-0.303E+05   My= 0.000E+00   Mz= 0.311E+06
 Step= 13875  T= 1.310E+01  K.E.= 3.717E+04  T.E.= 2.224E+07
              Mx=-0.384E+05   My= 0.000E+00   Mz= 0.318E+06
 Step= 13928  T= 1.315E+01  K.E.= 5.339E+03  T.E.= 2.215E+07
              Mx=-0.338E+05   My= 0.000E+00   Mz= 0.346E+05
 Write output data
 Step= 13981  T= 1.320E+01  K.E.= 4.227E+04  T.E.= 2.220E+07
              Mx=-0.278E+05   My= 0.000E+00   Mz=-0.227E+06
 Step= 14034  T= 1.325E+01  K.E.= 2.962E+04  T.E.= 2.232E+07
              Mx=-0.239E+05   My= 0.000E+00   Mz=-0.198E+06
 Step= 14087  T= 1.330E+01  K.E.= 6.011E+03  T.E.= 2.236E+07
              Mx=-0.207E+05   My= 0.000E+00   Mz= 0.742E+05
 Step= 14140  T= 1.335E+01  K.E.= 4.533E+04  T.E.= 2.227E+07
              Mx=-0.415E+04   My= 0.000E+00   Mz= 0.256E+06
 Write output data
 Step= 14193  T= 1.340E+01  K.E.= 2.284E+04  T.E.= 2.217E+07
              Mx= 0.185E+05   My= 0.000E+00   Mz= 0.135E+06
 Step= 14246  T= 1.345E+01  K.E.= 1.138E+04  T.E.= 2.218E+07
              Mx= 0.396E+05   My= 0.000E+00   Mz=-0.184E+06
 Step= 14299  T= 1.350E+01  K.E.= 4.870E+04  T.E.= 2.232E+07
              Mx= 0.488E+05   My= 0.000E+00   Mz=-0.347E+06
 Step= 14352  T= 1.355E+01  K.E.= 1.651E+04  T.E.= 2.247E+07
              Mx= 0.422E+05   My= 0.000E+00   Mz=-0.184E+06
 Write output data
 Step= 14405  T= 1.360E+01  K.E.= 1.617E+04  T.E.= 2.248E+07
              Mx= 0.288E+05   My= 0.000E+00   Mz= 0.157E+06
 Step= 14458  T= 1.365E+01  K.E.= 4.723E+04  T.E.= 2.236E+07
              Mx= 0.176E+05   My= 0.000E+00   Mz= 0.308E+06
 Step= 14511  T= 1.370E+01  K.E.= 1.018E+04  T.E.= 2.224E+07
              Mx= 0.873E+04   My= 0.000E+00   Mz= 0.142E+06
 Step= 14564  T= 1.375E+01  K.E.= 2.333E+04  T.E.= 2.224E+07
              Mx=-0.137E+04   My= 0.000E+00   Mz=-0.158E+06
 Write output data
 Step= 14617  T= 1.380E+01  K.E.= 4.595E+04  T.E.= 2.235E+07
              Mx=-0.202E+05   My= 0.000E+00   Mz=-0.240E+06
 Step= 14670  T= 1.385E+01  K.E.= 6.809E+03  T.E.= 2.243E+07
              Mx=-0.418E+05   My= 0.000E+00   Mz=-0.235E+05
 Step= 14723  T= 1.390E+01  K.E.= 2.986E+04  T.E.= 2.237E+07
              Mx=-0.482E+05   My= 0.000E+00   Mz= 0.260E+06
 Step= 14776  T= 1.395E+01  K.E.= 4.049E+04  T.E.= 2.223E+07
              Mx=-0.390E+05   My= 0.000E+00   Mz= 0.274E+06
 Write output data
 Step= 14829  T= 1.400E+01  K.E.= 3.837E+03  T.E.= 2.216E+07
              Mx=-0.139E+05   My= 0.000E+00   Mz=-0.241E+04
 Step= 14882  T= 1.405E+01  K.E.= 3.628E+04  T.E.= 2.224E+07
              Mx= 0.122E+05   My= 0.000E+00   Mz=-0.292E+06
 Step= 14935  T= 1.410E+01  K.E.= 3.551E+04  T.E.= 2.240E+07
              Mx= 0.292E+05   My= 0.000E+00   Mz=-0.287E+06
 Step= 14987  T= 1.415E+01  K.E.= 4.932E+03  T.E.= 2.248E+07
              Mx= 0.353E+05   My= 0.000E+00   Mz=-0.103E+05
 Write output data
 Step= 15040  T= 1.420E+01  K.E.= 4.144E+04  T.E.= 2.242E+07
              Mx= 0.419E+05   My= 0.000E+00   Mz= 0.243E+06
 Step= 15093  T= 1.425E+01  K.E.= 2.934E+04  T.E.= 2.230E+07
              Mx= 0.510E+05   My= 0.000E+00   Mz= 0.200E+06
 Step= 15146  T= 1.430E+01  K.E.= 6.253E+03  T.E.= 2.227E+07
              Mx= 0.484E+05   My= 0.000E+00   Mz=-0.810E+05
 Step= 15199  T= 1.435E+01  K.E.= 4.494E+04  T.E.= 2.237E+07
              Mx= 0.289E+05   My= 0.000E+00   Mz=-0.273E+06
 Write output data
 Step= 15252  T= 1.440E+01  K.E.= 2.248E+04  T.E.= 2.249E+07
              Mx=-0.309E+04   My= 0.000E+00   Mz=-0.157E+06
 Step= 15305  T= 1.445E+01  K.E.= 1.090E+04  T.E.= 2.249E+07
              Mx=-0.342E+05   My= 0.000E+00   Mz= 0.164E+06
 Step= 15358  T= 1.450E+01  K.E.= 4.736E+04  T.E.= 2.236E+07
              Mx=-0.510E+05   My= 0.000E+00   Mz= 0.335E+06
 Step= 15411  T= 1.455E+01  K.E.= 1.567E+04  T.E.= 2.222E+07
              Mx=-0.431E+05   My= 0.000E+00   Mz= 0.179E+06
 Write output data
 Step= 15464  T= 1.460E+01  K.E.= 1.573E+04  T.E.= 2.222E+07
              Mx=-0.233E+05   My= 0.000E+00   Mz=-0.155E+06
 Step= 15517  T= 1.465E+01  K.E.= 4.642E+04  T.E.= 2.235E+07
              Mx=-0.364E+04   My= 0.000E+00   Mz=-0.301E+06
 Step= 15570  T= 1.470E+01  K.E.= 9.873E+03  T.E.= 2.247E+07
              Mx= 0.929E+04   My= 0.000E+00   Mz=-0.129E+06
 Step= 15623  T= 1.475E+01  K.E.= 2.273E+04  T.E.= 2.246E+07
              Mx= 0.238E+05   My= 0.000E+00   Mz= 0.171E+06
 Write output data
 Step= 15676  T= 1.480E+01  K.E.= 4.487E+04  T.E.= 2.235E+07
              Mx= 0.396E+05   My= 0.000E+00   Mz= 0.244E+06
 Step= 15729  T= 1.485E+01  K.E.= 6.380E+03  T.E.= 2.227E+07
              Mx= 0.465E+05   My= 0.000E+00   Mz= 0.218E+05
 Step= 15782  T= 1.490E+01  K.E.= 2.936E+04  T.E.= 2.234E+07
              Mx= 0.436E+05   My= 0.000E+00   Mz=-0.262E+06
 Step= 15835  T= 1.495E+01  K.E.= 4.000E+04  T.E.= 2.249E+07
              Mx= 0.282E+05   My= 0.000E+00   Mz=-0.278E+06
 Write output data
 Step= 15888  T= 1.500E+01  K.E.= 4.021E+03  T.E.= 2.257E+07
              Mx= 0.434E+04   My= 0.000E+00   Mz=-0.681E+02

** Total CPU Time is     372.5020 seconds (    6 minutes 12.5020 seconds)
** Elapsed time is       379.7172 seconds (    6 minutes 19.7172 seconds)
** Time per particle cycle:    1193.7623 nanoseconds
** Total elasped time :     381.6680 seconds
